app/build/outputs/logs/manifest-merger-debug-report.txt
-- Merging decision tree log ---
manifest
ADDED from src\main\AndroidManifest.xml:2:1-95:12
INJECTED from src\main\AndroidManifest.xml:2:1-95:12
INJECTED from src\main\AndroidManifest.xml:2:1-95:12
INJECTED from src\main\AndroidManifest.xml:2:1-95:12
MERGED from [com.android.support:design:25.4.0] AndroidManifest.xml:17:1-31:12
MERGED from [com.greysonparrelli.permiso:permiso:0.3.0] AndroidManifest.xml:2:1-14:12
MERGED from [com.github.medyo:android-about-page:1.1.1] AndroidManifest.xml:2:1-12:12
MERGED from [com.android.support:appcompat-v7:25.4.0] AndroidManifest.xml:17:1-31:12
MERGED from [com.android.support:transition:25.4.0] AndroidManifest.xml:17:1-28:12
MERGED from [com.google.android.gms:play-services-ads:11.6.0] AndroidManifest.xml:16:1-18:12
MERGED from [com.google.android.gms:play-services-analytics:11.6.0] AndroidManifest.xml:16:1-33:12
MERGED from [com.google.android.gms:play-services-maps:11.6.0] AndroidManifest.xml:16:1-25:12
MERGED from [com.google.android.gms:play-services-ads-lite:11.6.0] AndroidManifest.xml:16:1-27:12
MERGED from [com.google.android.gms:play-services-gass:11.6.0] AndroidManifest.xml:2:1-5:12
MERGED from [com.google.android.gms:play-services-tagmanager-v4-impl:11.6.0] AndroidManifest.xml:16:1-20:12
MERGED from [com.google.android.gms:play-services-analytics-impl:11.6.0] AndroidManifest.xml:16:1-27:12
MERGED from [com.google.android.gms:play-services-base:11.6.0] AndroidManifest.xml:16:1-21:12
MERGED from [com.google.firebase:firebase-core:11.6.0] AndroidManifest.xml:2:1-6:12
MERGED from [com.google.firebase:firebase-analytics:11.6.0] AndroidManifest.xml:16:1-35:12
MERGED from [com.google.firebase:firebase-analytics-impl:11.6.0] AndroidManifest.xml:16:1-29:12
MERGED from [com.google.firebase:firebase-iid:11.6.0] AndroidManifest.xml:16:1-47:12
MERGED from [com.google.firebase:firebase-common:11.6.0] AndroidManifest.xml:2:1-8:12
MERGED from [com.google.android.gms:play-services-tasks:11.6.0] AndroidManifest.xml:2:1-5:12
MERGED from [com.google.android.gms:play-services-basement:11.6.0] AndroidManifest.xml:16:1-23:12
MERGED from [com.android.support:support-v4:25.4.0] AndroidManifest.xml:17:1-31:12
MERGED from [com.android.support:recyclerview-v7:25.4.0] AndroidManifest.xml:17:1-28:12
MERGED from [com.android.support:cardview-v7:25.4.0] AndroidManifest.xml:17:1-28:12
MERGED from [com.android.volley:volley:1.0.0] AndroidManifest.xml:2:1-11:12
MERGED from [com.android.support:animated-vector-drawable:25.4.0] AndroidManifest.xml:17:1-28:12
MERGED from [com.android.support:support-fragment:25.4.0] AndroidManifest.xml:17:1-31:12
MERGED from [com.android.support:support-core-ui:25.4.0] AndroidManifest.xml:17:1-31:12
MERGED from [com.android.support:support-vector-drawable:25.4.0] AndroidManifest.xml:17:1-28:12
MERGED from [com.android.support:support-media-compat:25.4.0] AndroidManifest.xml:17:1-31:12
MERGED from [com.android.support:support-core-utils:25.4.0] AndroidManifest.xml:17:1-31:12
MERGED from [com.android.support:support-compat:25.4.0] AndroidManifest.xml:17:1-31:12
MERGED from [com.google.android.gms:play-services-ads-license:11.6.0] AndroidManifest.xml:2:1-6:12
MERGED from [com.google.android.gms:play-services-analytics-license:11.6.0] AndroidManifest.xml:2:1-6:12
MERGED from [com.google.android.gms:play-services-maps-license:11.6.0] AndroidManifest.xml:2:1-6:12
MERGED from [com.google.android.gms:play-services-ads-lite-license:11.6.0] AndroidManifest.xml:2:1-6:12
MERGED from [com.google.android.gms:play-services-basement-license:11.6.0] AndroidManifest.xml:2:1-6:12
MERGED from [com.google.android.gms:play-services-gass-license:11.6.0] AndroidManifest.xml:2:1-6:12
MERGED from [com.google.android.gms:play-services-analytics-impl-license:11.6.0] AndroidManifest.xml:2:1-6:12
MERGED from [com.google.android.gms:play-services-base-license:11.6.0] AndroidManifest.xml:2:1-6:12
MERGED from [com.google.android.gms:play-services-tagmanager-v4-impl-license:11.6.0] AndroidManifest.xml:2:1-6:12
MERGED from [com.google.firebase:firebase-analytics-license:11.6.0] AndroidManifest.xml:2:1-6:12
MERGED from [com.google.android.gms:play-services-tasks-license:11.6.0] AndroidManifest.xml:2:1-6:12
MERGED from [com.google.firebase:firebase-common-license:11.6.0] AndroidManifest.xml:2:1-6:12
MERGED from [com.google.firebase:firebase-analytics-impl-license:11.6.0] AndroidManifest.xml:2:1-6:12
MERGED from [com.google.firebase:firebase-iid-license:11.6.0] AndroidManifest.xml:2:1-6:12
INJECTED from src\main\AndroidManifest.xml:2:1-95:12
INJECTED from src\main\AndroidManifest.xml:2:1-95:12
INJECTED from src\main\AndroidManifest.xml:2:1-95:12
	package
		ADDED from src\main\AndroidManifest.xml:4:5-60
		INJECTED from src\main\AndroidManifest.xml
		INJECTED from src\main\AndroidManifest.xml
	android:versionName
		INJECTED from src\main\AndroidManifest.xml
		ADDED from src\main\AndroidManifest.xml:2:1-95:12
		INJECTED from src\main\AndroidManifest.xml
	xmlns:tools
		ADDED from src\main\AndroidManifest.xml:3:5-51
	android:versionCode
		INJECTED from src\main\AndroidManifest.xml
		ADDED from src\main\AndroidManifest.xml:2:1-95:12
		INJECTED from src\main\AndroidManifest.xml
	xmlns:android
		ADDED from src\main\AndroidManifest.xml:2:11-69
uses-permission#android.permission.INTERNET
ADDED from src\main\AndroidManifest.xml:6:5-66
MERGED from [com.google.android.gms:play-services-analytics:11.6.0] AndroidManifest.xml:20:5-66
MERGED from [com.google.android.gms:play-services-analytics:11.6.0] AndroidManifest.xml:20:5-66
MERGED from [com.google.android.gms:play-services-maps:11.6.0] AndroidManifest.xml:20:5-66
MERGED from [com.google.android.gms:play-services-maps:11.6.0] AndroidManifest.xml:20:5-66
MERGED from [com.google.android.gms:play-services-ads-lite:11.6.0] AndroidManifest.xml:19:5-66
MERGED from [com.google.android.gms:play-services-ads-lite:11.6.0] AndroidManifest.xml:19:5-66
MERGED from [com.google.android.gms:play-services-analytics-impl:11.6.0] AndroidManifest.xml:20:5-66
MERGED from [com.google.android.gms:play-services-analytics-impl:11.6.0] AndroidManifest.xml:20:5-66
MERGED from [com.google.firebase:firebase-analytics:11.6.0] AndroidManifest.xml:20:5-66
MERGED from [com.google.firebase:firebase-analytics:11.6.0] AndroidManifest.xml:20:5-66
MERGED from [com.google.firebase:firebase-analytics-impl:11.6.0] AndroidManifest.xml:20:5-66
MERGED from [com.google.firebase:firebase-analytics-impl:11.6.0] AndroidManifest.xml:20:5-66
MERGED from [com.google.firebase:firebase-iid:11.6.0] AndroidManifest.xml:20:5-66
MERGED from [com.google.firebase:firebase-iid:11.6.0] AndroidManifest.xml:20:5-66
	android:name
		ADDED from src\main\AndroidManifest.xml:6:22-64
uses-permission#android.permission.ACCESS_NETWORK_STATE
ADDED from src\main\AndroidManifest.xml:7:5-79
MERGED from [com.google.android.gms:play-services-analytics:11.6.0] AndroidManifest.xml:21:5-78
MERGED from [com.google.android.gms:play-services-analytics:11.6.0] AndroidManifest.xml:21:5-78
MERGED from [com.google.android.gms:play-services-maps:11.6.0] AndroidManifest.xml:19:5-78
MERGED from [com.google.android.gms:play-services-maps:11.6.0] AndroidManifest.xml:19:5-78
MERGED from [com.google.android.gms:play-services-ads-lite:11.6.0] AndroidManifest.xml:20:5-78
MERGED from [com.google.android.gms:play-services-ads-lite:11.6.0] AndroidManifest.xml:20:5-78
MERGED from [com.google.android.gms:play-services-analytics-impl:11.6.0] AndroidManifest.xml:21:5-78
MERGED from [com.google.android.gms:play-services-analytics-impl:11.6.0] AndroidManifest.xml:21:5-78
MERGED from [com.google.firebase:firebase-analytics:11.6.0] AndroidManifest.xml:21:5-78
MERGED from [com.google.firebase:firebase-analytics:11.6.0] AndroidManifest.xml:21:5-78
MERGED from [com.google.firebase:firebase-analytics-impl:11.6.0] AndroidManifest.xml:21:5-78
MERGED from [com.google.firebase:firebase-analytics-impl:11.6.0] AndroidManifest.xml:21:5-78
MERGED from [com.google.firebase:firebase-iid:11.6.0] AndroidManifest.xml:19:5-78
MERGED from [com.google.firebase:firebase-iid:11.6.0] AndroidManifest.xml:19:5-78
	android:name
		ADDED from src\main\AndroidManifest.xml:7:22-76
uses-permission#android.permission.CALL_PHONE
ADDED from src\main\AndroidManifest.xml:8:5-69
	android:name
		ADDED from src\main\AndroidManifest.xml:8:22-66
uses-permission#android.permission.READ_PHONE_STATE
ADDED from src\main\AndroidManifest.xml:9:5-74
	android:name
		ADDED from src\main\AndroidManifest.xml:9:22-72
uses-permission#android.permission.WAKE_LOCK
ADDED from src\main\AndroidManifest.xml:10:5-67
MERGED from [com.google.android.gms:play-services-analytics:11.6.0] AndroidManifest.xml:24:5-67
MERGED from [com.google.android.gms:play-services-analytics:11.6.0] AndroidManifest.xml:24:5-67
MERGED from [com.google.android.gms:play-services-analytics-impl:11.6.0] AndroidManifest.xml:24:5-67
MERGED from [com.google.android.gms:play-services-analytics-impl:11.6.0] AndroidManifest.xml:24:5-67
MERGED from [com.google.firebase:firebase-analytics:11.6.0] AndroidManifest.xml:22:5-67
MERGED from [com.google.firebase:firebase-analytics:11.6.0] AndroidManifest.xml:22:5-67
MERGED from [com.google.firebase:firebase-analytics-impl:11.6.0] AndroidManifest.xml:22:5-67
MERGED from [com.google.firebase:firebase-analytics-impl:11.6.0] AndroidManifest.xml:22:5-67
MERGED from [com.google.firebase:firebase-iid:11.6.0] AndroidManifest.xml:21:5-67
MERGED from [com.google.firebase:firebase-iid:11.6.0] AndroidManifest.xml:21:5-67
	android:name
		ADDED from src\main\AndroidManifest.xml:10:22-65
uses-permission#android.permission.ACCESS_FINE_LOCATION
ADDED from src\main\AndroidManifest.xml:11:5-79
	android:name
		ADDED from src\main\AndroidManifest.xml:11:22-76
uses-permission#android.permission.ACCESS_COARSE_LOCATION
ADDED from src\main\AndroidManifest.xml:12:5-81
	android:name
		ADDED from src\main\AndroidManifest.xml:12:22-78
application
ADDED from src\main\AndroidManifest.xml:14:5-94:19
MERGED from [com.android.support:design:25.4.0] AndroidManifest.xml:25:5-29:19
MERGED from [com.android.support:design:25.4.0] AndroidManifest.xml:25:5-29:19
MERGED from [com.greysonparrelli.permiso:permiso:0.3.0] AndroidManifest.xml:11:5-12:19
MERGED from [com.greysonparrelli.permiso:permiso:0.3.0] AndroidManifest.xml:11:5-12:19
MERGED from [com.android.support:appcompat-v7:25.4.0] AndroidManifest.xml:25:5-29:19
MERGED from [com.android.support:appcompat-v7:25.4.0] AndroidManifest.xml:25:5-29:19
MERGED from [com.android.support:transition:25.4.0] AndroidManifest.xml:22:5-26:19
MERGED from [com.android.support:transition:25.4.0] AndroidManifest.xml:22:5-26:19
MERGED from [com.google.android.gms:play-services-analytics:11.6.0] AndroidManifest.xml:26:5-31:19
MERGED from [com.google.android.gms:play-services-analytics:11.6.0] AndroidManifest.xml:26:5-31:19
MERGED from [com.google.android.gms:play-services-maps:11.6.0] AndroidManifest.xml:24:5-19
MERGED from [com.google.android.gms:play-services-maps:11.6.0] AndroidManifest.xml:24:5-19
MERGED from [com.google.android.gms:play-services-ads-lite:11.6.0] AndroidManifest.xml:23:5-26:19
MERGED from [com.google.android.gms:play-services-ads-lite:11.6.0] AndroidManifest.xml:23:5-26:19
MERGED from [com.google.android.gms:play-services-gass:11.6.0] AndroidManifest.xml:4:5-19
MERGED from [com.google.android.gms:play-services-gass:11.6.0] AndroidManifest.xml:4:5-19
MERGED from [com.google.android.gms:play-services-tagmanager-v4-impl:11.6.0] AndroidManifest.xml:19:5-19
MERGED from [com.google.android.gms:play-services-tagmanager-v4-impl:11.6.0] AndroidManifest.xml:19:5-19
MERGED from [com.google.android.gms:play-services-analytics-impl:11.6.0] AndroidManifest.xml:26:5-19
MERGED from [com.google.android.gms:play-services-analytics-impl:11.6.0] AndroidManifest.xml:26:5-19
MERGED from [com.google.android.gms:play-services-base:11.6.0] AndroidManifest.xml:18:5-20:19
MERGED from [com.google.android.gms:play-services-base:11.6.0] AndroidManifest.xml:18:5-20:19
MERGED from [com.google.firebase:firebase-core:11.6.0] AndroidManifest.xml:5:5-20
MERGED from [com.google.firebase:firebase-core:11.6.0] AndroidManifest.xml:5:5-20
MERGED from [com.google.firebase:firebase-analytics:11.6.0] AndroidManifest.xml:24:5-34:19
MERGED from [com.google.firebase:firebase-analytics:11.6.0] AndroidManifest.xml:24:5-34:19
MERGED from [com.google.firebase:firebase-analytics-impl:11.6.0] AndroidManifest.xml:24:5-28:19
MERGED from [com.google.firebase:firebase-analytics-impl:11.6.0] AndroidManifest.xml:24:5-28:19
MERGED from [com.google.firebase:firebase-iid:11.6.0] AndroidManifest.xml:29:5-46:19
MERGED from [com.google.firebase:firebase-iid:11.6.0] AndroidManifest.xml:29:5-46:19
MERGED from [com.google.firebase:firebase-common:11.6.0] AndroidManifest.xml:4:5-7:19
MERGED from [com.google.firebase:firebase-common:11.6.0] AndroidManifest.xml:4:5-7:19
MERGED from [com.google.android.gms:play-services-tasks:11.6.0] AndroidManifest.xml:4:5-19
MERGED from [com.google.android.gms:play-services-tasks:11.6.0] AndroidManifest.xml:4:5-19
MERGED from [com.google.android.gms:play-services-basement:11.6.0] AndroidManifest.xml:19:5-21:19
MERGED from [com.google.android.gms:play-services-basement:11.6.0] AndroidManifest.xml:19:5-21:19
MERGED from [com.android.support:support-v4:25.4.0] AndroidManifest.xml:25:5-29:19
MERGED from [com.android.support:support-v4:25.4.0] AndroidManifest.xml:25:5-29:19
MERGED from [com.android.support:recyclerview-v7:25.4.0] AndroidManifest.xml:22:5-26:19
MERGED from [com.android.support:recyclerview-v7:25.4.0] AndroidManifest.xml:22:5-26:19
MERGED from [com.android.support:cardview-v7:25.4.0] AndroidManifest.xml:22:5-26:19
MERGED from [com.android.support:cardview-v7:25.4.0] AndroidManifest.xml:22:5-26:19
MERGED from [com.android.volley:volley:1.0.0] AndroidManifest.xml:9:5-20
MERGED from [com.android.volley:volley:1.0.0] AndroidManifest.xml:9:5-20
MERGED from [com.android.support:animated-vector-drawable:25.4.0] AndroidManifest.xml:22:5-26:19
MERGED from [com.android.support:animated-vector-drawable:25.4.0] AndroidManifest.xml:22:5-26:19
MERGED from [com.android.support:support-fragment:25.4.0] AndroidManifest.xml:25:5-29:19
MERGED from [com.android.support:support-fragment:25.4.0] AndroidManifest.xml:25:5-29:19
MERGED from [com.android.support:support-core-ui:25.4.0] AndroidManifest.xml:25:5-29:19
MERGED from [com.android.support:support-core-ui:25.4.0] AndroidManifest.xml:25:5-29:19
MERGED from [com.android.support:support-vector-drawable:25.4.0] AndroidManifest.xml:22:5-26:19
MERGED from [com.android.support:support-vector-drawable:25.4.0] AndroidManifest.xml:22:5-26:19
MERGED from [com.android.support:support-media-compat:25.4.0] AndroidManifest.xml:25:5-29:19
MERGED from [com.android.support:support-media-compat:25.4.0] AndroidManifest.xml:25:5-29:19
MERGED from [com.android.support:support-core-utils:25.4.0] AndroidManifest.xml:25:5-29:19
MERGED from [com.android.support:support-core-utils:25.4.0] AndroidManifest.xml:25:5-29:19
MERGED from [com.android.support:support-compat:25.4.0] AndroidManifest.xml:25:5-29:19
MERGED from [com.android.support:support-compat:25.4.0] AndroidManifest.xml:25:5-29:19
MERGED from [com.google.android.gms:play-services-ads-license:11.6.0] AndroidManifest.xml:5:5-20
MERGED from [com.google.android.gms:play-services-ads-license:11.6.0] AndroidManifest.xml:5:5-20
MERGED from [com.google.android.gms:play-services-analytics-license:11.6.0] AndroidManifest.xml:5:5-20
MERGED from [com.google.android.gms:play-services-analytics-license:11.6.0] AndroidManifest.xml:5:5-20
MERGED from [com.google.android.gms:play-services-maps-license:11.6.0] AndroidManifest.xml:5:5-20
MERGED from [com.google.android.gms:play-services-maps-license:11.6.0] AndroidManifest.xml:5:5-20
MERGED from [com.google.android.gms:play-services-ads-lite-license:11.6.0] AndroidManifest.xml:5:5-20
MERGED from [com.google.android.gms:play-services-ads-lite-license:11.6.0] AndroidManifest.xml:5:5-20
MERGED from [com.google.android.gms:play-services-basement-license:11.6.0] AndroidManifest.xml:5:5-20
MERGED from [com.google.android.gms:play-services-basement-license:11.6.0] AndroidManifest.xml:5:5-20
MERGED from [com.google.android.gms:play-services-gass-license:11.6.0] AndroidManifest.xml:5:5-20
MERGED from [com.google.android.gms:play-services-gass-license:11.6.0] AndroidManifest.xml:5:5-20
MERGED from [com.google.android.gms:play-services-analytics-impl-license:11.6.0] AndroidManifest.xml:5:5-20
MERGED from [com.google.android.gms:play-services-analytics-impl-license:11.6.0] AndroidManifest.xml:5:5-20
MERGED from [com.google.android.gms:play-services-base-license:11.6.0] AndroidManifest.xml:5:5-20
MERGED from [com.google.android.gms:play-services-base-license:11.6.0] AndroidManifest.xml:5:5-20
MERGED from [com.google.android.gms:play-services-tagmanager-v4-impl-license:11.6.0] AndroidManifest.xml:5:5-20
MERGED from [com.google.android.gms:play-services-tagmanager-v4-impl-license:11.6.0] AndroidManifest.xml:5:5-20
MERGED from [com.google.firebase:firebase-analytics-license:11.6.0] AndroidManifest.xml:5:5-20
MERGED from [com.google.firebase:firebase-analytics-license:11.6.0] AndroidManifest.xml:5:5-20
MERGED from [com.google.android.gms:play-services-tasks-license:11.6.0] AndroidManifest.xml:5:5-20
MERGED from [com.google.android.gms:play-services-tasks-license:11.6.0] AndroidManifest.xml:5:5-20
MERGED from [com.google.firebase:firebase-common-license:11.6.0] AndroidManifest.xml:5:5-20
MERGED from [com.google.firebase:firebase-common-license:11.6.0] AndroidManifest.xml:5:5-20
MERGED from [com.google.firebase:firebase-analytics-impl-license:11.6.0] AndroidManifest.xml:5:5-20
MERGED from [com.google.firebase:firebase-analytics-impl-license:11.6.0] AndroidManifest.xml:5:5-20
MERGED from [com.google.firebase:firebase-iid-license:11.6.0] AndroidManifest.xml:5:5-20
MERGED from [com.google.firebase:firebase-iid-license:11.6.0] AndroidManifest.xml:5:5-20
	android:supportsRtl
		ADDED from src\main\AndroidManifest.xml:19:9-35
	android:label
		ADDED from src\main\AndroidManifest.xml:18:9-41
	android:icon
		ADDED from src\main\AndroidManifest.xml:17:9-38
	android:allowBackup
		ADDED from src\main\AndroidManifest.xml:16:9-35
	android:theme
		ADDED from src\main\AndroidManifest.xml:20:9-40
	tools:replace
		ADDED from src\main\AndroidManifest.xml:21:9-37
	android:name
		ADDED from src\main\AndroidManifest.xml:15:9-42
meta-data#com.google.android.geo.API_KEY
ADDED from src\main\AndroidManifest.xml:23:9-25:55
	android:value
		ADDED from src\main\AndroidManifest.xml:25:13-52
	android:name
		ADDED from src\main\AndroidManifest.xml:24:13-58
activity#emergencias.sainthannaz.com.emergenciascoatza.SplashScreen
ADDED from src\main\AndroidManifest.xml:28:9-33:20
	android:screenOrientation
		ADDED from src\main\AndroidManifest.xml:28:48-84
	android:name
		ADDED from src\main\AndroidManifest.xml:28:19-47
intent-filter#android.intent.action.MAIN+android.intent.category.LAUNCHER
ADDED from src\main\AndroidManifest.xml:29:13-32:29
action#android.intent.action.MAIN
ADDED from src\main\AndroidManifest.xml:30:17-69
	android:name
		ADDED from src\main\AndroidManifest.xml:30:25-66
category#android.intent.category.LAUNCHER
ADDED from src\main\AndroidManifest.xml:31:17-77
	android:name
		ADDED from src\main\AndroidManifest.xml:31:27-74
receiver#com.google.android.gms.analytics.AnalyticsReceiver
ADDED from src\main\AndroidManifest.xml:35:9-41:20
MERGED from [com.google.android.gms:play-services-analytics:11.6.0] AndroidManifest.xml:27:9-28:20
MERGED from [com.google.android.gms:play-services-analytics:11.6.0] AndroidManifest.xml:27:9-28:20
	android:enabled
		ADDED from src\main\AndroidManifest.xml:37:13-35
	android:exported
		ADDED from [com.google.android.gms:play-services-analytics:11.6.0] AndroidManifest.xml:27:108-132
	android:name
		ADDED from src\main\AndroidManifest.xml:36:13-78
intent-filter#com.google.android.gms.analytics.ANALYTICS_DISPATCH
ADDED from src\main\AndroidManifest.xml:38:13-40:29
action#com.google.android.gms.analytics.ANALYTICS_DISPATCH
ADDED from src\main\AndroidManifest.xml:39:17-94
	android:name
		ADDED from src\main\AndroidManifest.xml:39:25-91
service#com.google.android.gms.analytics.AnalyticsService
ADDED from src\main\AndroidManifest.xml:43:9-46:40
MERGED from [com.google.android.gms:play-services-analytics:11.6.0] AndroidManifest.xml:29:9-132
MERGED from [com.google.android.gms:play-services-analytics:11.6.0] AndroidManifest.xml:29:9-132
	android:enabled
		ADDED from src\main\AndroidManifest.xml:45:13-35
	android:exported
		ADDED from src\main\AndroidManifest.xml:46:13-37
	android:name
		ADDED from src\main\AndroidManifest.xml:44:13-77
receiver#com.google.android.gms.analytics.CampaignTrackingReceiver
ADDED from src\main\AndroidManifest.xml:52:9-58:20
	android:exported
		ADDED from src\main\AndroidManifest.xml:54:13-36
	android:name
		ADDED from src\main\AndroidManifest.xml:53:13-85
intent-filter#com.android.vending.INSTALL_REFERRER
ADDED from src\main\AndroidManifest.xml:55:13-57:29
action#com.android.vending.INSTALL_REFERRER
ADDED from src\main\AndroidManifest.xml:56:17-79
	android:name
		ADDED from src\main\AndroidManifest.xml:56:25-76
service#com.google.android.gms.analytics.CampaignTrackingService
ADDED from src\main\AndroidManifest.xml:60:9-92
	android:name
		ADDED from src\main\AndroidManifest.xml:60:18-89
activity#emergencias.sainthannaz.com.emergenciascoatza.MainActivity
ADDED from src\main\AndroidManifest.xml:62:9-64:58
	android:screenOrientation
		ADDED from src\main\AndroidManifest.xml:63:13-49
	android:theme
		ADDED from src\main\AndroidManifest.xml:64:13-56
	android:name
		ADDED from src\main\AndroidManifest.xml:62:19-47
activity#emergencias.sainthannaz.com.emergenciascoatza.PermissionActivity
ADDED from src\main\AndroidManifest.xml:66:9-68:58
	android:screenOrientation
		ADDED from src\main\AndroidManifest.xml:67:13-49
	android:theme
		ADDED from src\main\AndroidManifest.xml:68:13-56
	android:name
		ADDED from src\main\AndroidManifest.xml:66:19-53
activity#emergencias.sainthannaz.com.emergenciascoatza.ActivityAbout
ADDED from src\main\AndroidManifest.xml:70:9-77:20
	android:screenOrientation
		ADDED from src\main\AndroidManifest.xml:73:13-49
	android:parentActivityName
		ADDED from src\main\AndroidManifest.xml:72:13-55
	android:label
		ADDED from src\main\AndroidManifest.xml:71:13-42
	android:name
		ADDED from src\main\AndroidManifest.xml:70:19-47
meta-data#android.support.PARENT_ACTIVITY
ADDED from src\main\AndroidManifest.xml:74:13-76:49
	android:value
		ADDED from src\main\AndroidManifest.xml:76:17-46
	android:name
		ADDED from src\main\AndroidManifest.xml:75:17-63
activity#emergencias.sainthannaz.com.emergenciascoatza.DetailActivity
ADDED from src\main\AndroidManifest.xml:79:9-83:20
	android:screenOrientation
		ADDED from src\main\AndroidManifest.xml:79:138-174
	android:parentActivityName
		ADDED from src\main\AndroidManifest.xml:79:95-137
	android:theme
		ADDED from src\main\AndroidManifest.xml:79:50-93
	android:name
		ADDED from src\main\AndroidManifest.xml:79:19-49
activity#com.google.android.gms.ads.AdActivity
ADDED from src\main\AndroidManifest.xml:85:9-88:64
MERGED from [com.google.android.gms:play-services-ads-lite:11.6.0] AndroidManifest.xml:25:9-257
MERGED from [com.google.android.gms:play-services-ads-lite:11.6.0] AndroidManifest.xml:25:9-257
	android:exported
		ADDED from [com.google.android.gms:play-services-ads-lite:11.6.0] AndroidManifest.xml:25:231-255
	android:configChanges
		ADDED from src\main\AndroidManifest.xml:87:13-122
	android:theme
		ADDED from src\main\AndroidManifest.xml:88:13-61
	android:name
		ADDED from src\main\AndroidManifest.xml:86:13-65
meta-data#com.google.android.gms.version
ADDED from src\main\AndroidManifest.xml:90:9-92:69
MERGED from [com.google.android.gms:play-services-basement:11.6.0] AndroidManifest.xml:20:9-121
MERGED from [com.google.android.gms:play-services-basement:11.6.0] AndroidManifest.xml:20:9-121
	android:value
		ADDED from src\main\AndroidManifest.xml:92:13-66
	android:name
		ADDED from src\main\AndroidManifest.xml:91:13-58
uses-sdk
INJECTED from src\main\AndroidManifest.xml reason: use-sdk injection requested
INJECTED from src\main\AndroidManifest.xml
INJECTED from src\main\AndroidManifest.xml
MERGED from [com.android.support:design:25.4.0] AndroidManifest.xml:21:5-23:62
MERGED from [com.android.support:design:25.4.0] AndroidManifest.xml:21:5-23:62
MERGED from [com.greysonparrelli.permiso:permiso:0.3.0] AndroidManifest.xml:7:5-9:41
MERGED from [com.greysonparrelli.permiso:permiso:0.3.0] AndroidManifest.xml:7:5-9:41
MERGED from [com.github.medyo:android-about-page:1.1.1] AndroidManifest.xml:8:5-10:41
MERGED from [com.github.medyo:android-about-page:1.1.1] AndroidManifest.xml:8:5-10:41
MERGED from [com.android.support:appcompat-v7:25.4.0] AndroidManifest.xml:21:5-23:78
MERGED from [com.android.support:appcompat-v7:25.4.0] AndroidManifest.xml:21:5-23:78
MERGED from [com.android.support:transition:25.4.0] AndroidManifest.xml:20:5-44
MERGED from [com.android.support:transition:25.4.0] AndroidManifest.xml:20:5-44
MERGED from [com.google.android.gms:play-services-ads:11.6.0] AndroidManifest.xml:17:5-94
MERGED from [com.google.android.gms:play-services-ads:11.6.0] AndroidManifest.xml:17:5-94
MERGED from [com.google.android.gms:play-services-analytics:11.6.0] AndroidManifest.xml:17:5-43
MERGED from [com.google.android.gms:play-services-analytics:11.6.0] AndroidManifest.xml:17:5-43
MERGED from [com.google.android.gms:play-services-maps:11.6.0] AndroidManifest.xml:23:5-43
MERGED from [com.google.android.gms:play-services-maps:11.6.0] AndroidManifest.xml:23:5-43
MERGED from [com.google.android.gms:play-services-ads-lite:11.6.0] AndroidManifest.xml:22:5-43
MERGED from [com.google.android.gms:play-services-ads-lite:11.6.0] AndroidManifest.xml:22:5-43
MERGED from [com.google.android.gms:play-services-gass:11.6.0] AndroidManifest.xml:3:5-43
MERGED from [com.google.android.gms:play-services-gass:11.6.0] AndroidManifest.xml:3:5-43
MERGED from [com.google.android.gms:play-services-tagmanager-v4-impl:11.6.0] AndroidManifest.xml:17:5-43
MERGED from [com.google.android.gms:play-services-tagmanager-v4-impl:11.6.0] AndroidManifest.xml:17:5-43
MERGED from [com.google.android.gms:play-services-analytics-impl:11.6.0] AndroidManifest.xml:17:5-43
MERGED from [com.google.android.gms:play-services-analytics-impl:11.6.0] AndroidManifest.xml:17:5-43
MERGED from [com.google.android.gms:play-services-base:11.6.0] AndroidManifest.xml:17:5-43
MERGED from [com.google.android.gms:play-services-base:11.6.0] AndroidManifest.xml:17:5-43
MERGED from [com.google.firebase:firebase-core:11.6.0] AndroidManifest.xml:4:5-43
MERGED from [com.google.firebase:firebase-core:11.6.0] AndroidManifest.xml:4:5-43
MERGED from [com.google.firebase:firebase-analytics:11.6.0] AndroidManifest.xml:17:5-43
MERGED from [com.google.firebase:firebase-analytics:11.6.0] AndroidManifest.xml:17:5-43
MERGED from [com.google.firebase:firebase-analytics-impl:11.6.0] AndroidManifest.xml:17:5-43
MERGED from [com.google.firebase:firebase-analytics-impl:11.6.0] AndroidManifest.xml:17:5-43
MERGED from [com.google.firebase:firebase-iid:11.6.0] AndroidManifest.xml:17:5-43
MERGED from [com.google.firebase:firebase-iid:11.6.0] AndroidManifest.xml:17:5-43
MERGED from [com.google.firebase:firebase-common:11.6.0] AndroidManifest.xml:3:5-43
MERGED from [com.google.firebase:firebase-common:11.6.0] AndroidManifest.xml:3:5-43
MERGED from [com.google.android.gms:play-services-tasks:11.6.0] AndroidManifest.xml:3:5-43
MERGED from [com.google.android.gms:play-services-tasks:11.6.0] AndroidManifest.xml:3:5-43
MERGED from [com.google.android.gms:play-services-basement:11.6.0] AndroidManifest.xml:17:5-43
MERGED from [com.google.android.gms:play-services-basement:11.6.0] AndroidManifest.xml:17:5-43
MERGED from [com.android.support:support-v4:25.4.0] AndroidManifest.xml:21:5-23:54
MERGED from [com.android.support:support-v4:25.4.0] AndroidManifest.xml:21:5-23:54
MERGED from [com.android.support:recyclerview-v7:25.4.0] AndroidManifest.xml:20:5-43
MERGED from [com.android.support:recyclerview-v7:25.4.0] AndroidManifest.xml:20:5-43
MERGED from [com.android.support:cardview-v7:25.4.0] AndroidManifest.xml:20:5-43
MERGED from [com.android.support:cardview-v7:25.4.0] AndroidManifest.xml:20:5-43
MERGED from [com.android.volley:volley:1.0.0] AndroidManifest.xml:7:5-43
MERGED from [com.android.volley:volley:1.0.0] AndroidManifest.xml:7:5-43
MERGED from [com.android.support:animated-vector-drawable:25.4.0] AndroidManifest.xml:20:5-44
MERGED from [com.android.support:animated-vector-drawable:25.4.0] AndroidManifest.xml:20:5-44
MERGED from [com.android.support:support-fragment:25.4.0] AndroidManifest.xml:21:5-23:60
MERGED from [com.android.support:support-fragment:25.4.0] AndroidManifest.xml:21:5-23:60
MERGED from [com.android.support:support-core-ui:25.4.0] AndroidManifest.xml:21:5-23:58
MERGED from [com.android.support:support-core-ui:25.4.0] AndroidManifest.xml:21:5-23:58
MERGED from [com.android.support:support-vector-drawable:25.4.0] AndroidManifest.xml:20:5-43
MERGED from [com.android.support:support-vector-drawable:25.4.0] AndroidManifest.xml:20:5-43
MERGED from [com.android.support:support-media-compat:25.4.0] AndroidManifest.xml:21:5-23:63
MERGED from [com.android.support:support-media-compat:25.4.0] AndroidManifest.xml:21:5-23:63
MERGED from [com.android.support:support-core-utils:25.4.0] AndroidManifest.xml:21:5-23:61
MERGED from [com.android.support:support-core-utils:25.4.0] AndroidManifest.xml:21:5-23:61
MERGED from [com.android.support:support-compat:25.4.0] AndroidManifest.xml:21:5-23:58
MERGED from [com.android.support:support-compat:25.4.0] AndroidManifest.xml:21:5-23:58
MERGED from [com.google.android.gms:play-services-ads-license:11.6.0] AndroidManifest.xml:4:5-43
MERGED from [com.google.android.gms:play-services-ads-license:11.6.0] AndroidManifest.xml:4:5-43